#                                                                  --- full sequence ---- --- best 1 domain ---- --- domain number estimation ----
# target name           accession  query name           accession    E-value  score  bias   E-value  score  bias   exp reg clu  ov env dom rep inc description of target
#   ------------------- ---------- -------------------- ---------- --------- ------ ----- --------- ------ -----   --- --- --- --- --- --- --- --- ---------------------
NP_598201.2             -          Atp12a_8.fasta       -                  0 2457.4   9.9         0 2457.2   9.9   1.0   1   0   0   1   1   1   1 potassium-transporting ATPase alpha chain 2 a [Rattus norvegicus]
XP_017455062.1          -          Atp12a_8.fasta       -                  0 2457.4   9.9         0 2457.2   9.9   1.0   1   0   0   1   1   1   1 PREDICTED: potassium-transporting ATPase alpha chain 2 isoform X1 [Rattus norvegicus]
XP_017455063.1          -          Atp12a_8.fasta       -                  0 2457.4   9.9         0 2457.2   9.9   1.0   1   0   0   1   1   1   1 PREDICTED: potassium-transporting ATPase alpha chain 2 isoform X1 [Rattus norvegicus]
XP_021058899.1          -          Atp12a_8.fasta       -                  0 2455.9  10.5         0 2455.8  10.5   1.0   1   0   0   1   1   1   1 potassium-transporting ATPase alpha chain 2 [Mus pahari]
XP_021037267.1          -          Atp12a_8.fasta       -                  0 2455.6  10.6         0 2455.5  10.6   1.0   1   0   0   1   1   1   1 potassium-transporting ATPase alpha chain 2 [Mus caroli]
sp|P54708.1|AT12A_RAT   -          Atp12a_8.fasta       -                  0 2454.8  10.3         0 2454.6  10.3   1.0   1   0   0   1   1   1   1 RecName: Full=Potassium-transporting ATPase alpha chain 2; AltName: Full=Non-gastric H(+)/K(+) ATPase subunit alpha; AltName: Full=Proton pump
NP_619593.2             -          Atp12a_8.fasta       -                  0 2454.3  11.4         0 2454.2  11.4   1.0   1   0   0   1   1   1   1 potassium-transporting ATPase alpha chain 2 [Mus musculus]
sp|Q9Z1W8.3|AT12A_MOUSE -          Atp12a_8.fasta       -                  0 2454.3  11.4         0 2454.2  11.4   1.0   1   0   0   1   1   1   1 RecName: Full=Potassium-transporting ATPase alpha chain 2; AltName: Full=Non-gastric H(+)/K(+) ATPase subunit alpha; AltName: Full=Proton pump
NP_001288593.1          -          Atp12a_8.fasta       -                  0 2218.6  15.3         0 2218.5  15.3   1.0   1   0   0   1   1   1   1 potassium-transporting ATPase alpha chain 2 b [Rattus norvegicus]
XP_021510721.1          -          Atp12a_8.fasta       -                  0 2042.3  12.6         0 1280.7   2.2   2.0   1   1   1   2   2   2   2 potassium-transporting ATPase alpha chain 2 [Meriones unguiculatus]
#
# Program:         hmmsearch
# Version:         3.1b2 (February 2015)
# Pipeline mode:   SEARCH
# Query file:      Atp12a_8.fasta.align.hmm
# Target file:     Atp12a_8.fasta
# Option settings: ./hmmsearch --tblout Atp12a_8.out Atp12a_8.fasta.align.hmm Atp12a_8.fasta 
# Current dir:     /mnt/c/Users/Grant/Desktop/dumb-class/git-projects/Intro_Biocomp_Group_Project
# Date:            Mon Dec  4 11:26:02 2017
# [ok]
