#                                                               --- full sequence ---- --- best 1 domain ---- --- domain number estimation ----
# target name        accession  query name           accession    E-value  score  bias   E-value  score  bias   exp reg clu  ov env dom rep inc description of target
#------------------- ---------- -------------------- ---------- --------- ------ ----- --------- ------ -----   --- --- --- --- --- --- --- --- ---------------------
Control1             -          Slc7a12_2.fasta      -           6.4e-102  335.1  21.6   4.6e-57  186.6   0.7   5.2   2   1   3   5   5   5   5 -
Control1             -          Slc7a12_2.fasta      -           6.4e-102  335.1  21.6   4.6e-57  186.6   0.7   5.2   2   1   3   5   5   5   5 -
Control1             -          Slc7a12_2.fasta      -           6.4e-102  335.1  21.6   4.6e-57  186.6   0.7   5.2   2   1   3   5   5   5   5 -
Control1             -          Slc7a12_2.fasta      -           6.4e-102  335.1  21.6   4.6e-57  186.6   0.7   5.2   2   1   3   5   5   5   5 -
Control1             -          Slc7a12_2.fasta      -           6.4e-102  335.1  21.6   4.6e-57  186.6   0.7   5.2   2   1   3   5   5   5   5 -
Control1             -          Slc7a12_2.fasta      -           6.4e-102  335.1  21.6   4.6e-57  186.6   0.7   5.2   2   1   3   5   5   5   5 -
Control1             -          Slc7a12_2.fasta      -           6.4e-102  335.1  21.6   4.6e-57  186.6   0.7   5.2   2   1   3   5   5   5   5 -
Control1             -          Slc7a12_2.fasta      -           6.4e-102  335.1  21.6   4.6e-57  186.6   0.7   5.2   2   1   3   5   5   5   5 -
Control1             -          Slc7a12_2.fasta      -           6.4e-102  335.1  21.6   4.6e-57  186.6   0.7   5.2   2   1   3   5   5   5   5 -
Control1             -          Slc7a12_2.fasta      -           6.4e-102  335.1  21.6   4.6e-57  186.6   0.7   5.2   2   1   3   5   5   5   5 -
Control1             -          Slc7a12_2.fasta      -           6.4e-102  335.1  21.6   4.6e-57  186.6   0.7   5.2   2   1   3   5   5   5   5 -
Control1             -          Slc7a12_2.fasta      -           6.4e-102  335.1  21.6   4.6e-57  186.6   0.7   5.2   2   1   3   5   5   5   5 -
#
# Program:         hmmsearch
# Version:         3.1b2 (February 2015)
# Pipeline mode:   SEARCH
# Query file:      Slc7a12_2.fasta.align.hmm
# Target file:     control1protein.fasta
# Option settings: ./hmmsearch --tblout control1protein.fasta.Slc7a12_2.out Slc7a12_2.fasta.align.hmm control1protein.fasta 
# Current dir:     /mnt/c/Users/Grant/Desktop/dumb-class/git-projects/Intro_Biocomp_Group_Project
# Date:            Mon Dec  4 14:43:05 2017
# [ok]
