#                                                               --- full sequence ---- --- best 1 domain ---- --- domain number estimation ----
# target name        accession  query name           accession    E-value  score  bias   E-value  score  bias   exp reg clu  ov env dom rep inc description of target
#------------------- ---------- -------------------- ---------- --------- ------ ----- --------- ------ -----   --- --- --- --- --- --- --- --- ---------------------
Control1             -          Ptpn5_6.fasta        -                  0 1318.0   2.8         0 1317.8   2.8   1.0   1   0   0   1   1   1   1 -
Control1             -          Ptpn5_6.fasta        -                  0 1318.0   2.8         0 1317.8   2.8   1.0   1   0   0   1   1   1   1 -
Control1             -          Ptpn5_6.fasta        -                  0 1318.0   2.8         0 1317.8   2.8   1.0   1   0   0   1   1   1   1 -
Control1             -          Ptpn5_6.fasta        -                  0 1318.0   2.8         0 1317.8   2.8   1.0   1   0   0   1   1   1   1 -
Control1             -          Ptpn5_6.fasta        -                  0 1318.0   2.8         0 1317.8   2.8   1.0   1   0   0   1   1   1   1 -
Control1             -          Ptpn5_6.fasta        -                  0 1318.0   2.8         0 1317.8   2.8   1.0   1   0   0   1   1   1   1 -
Control1             -          Ptpn5_6.fasta        -                  0 1318.0   2.8         0 1317.8   2.8   1.0   1   0   0   1   1   1   1 -
Control1             -          Ptpn5_6.fasta        -                  0 1318.0   2.8         0 1317.8   2.8   1.0   1   0   0   1   1   1   1 -
Control1             -          Ptpn5_6.fasta        -                  0 1318.0   2.8         0 1317.8   2.8   1.0   1   0   0   1   1   1   1 -
Control1             -          Ptpn5_6.fasta        -                  0 1318.0   2.8         0 1317.8   2.8   1.0   1   0   0   1   1   1   1 -
Control1             -          Ptpn5_6.fasta        -                  0 1318.0   2.8         0 1317.8   2.8   1.0   1   0   0   1   1   1   1 -
Control1             -          Ptpn5_6.fasta        -                  0 1318.0   2.8         0 1317.8   2.8   1.0   1   0   0   1   1   1   1 -
#
# Program:         hmmsearch
# Version:         3.1b2 (February 2015)
# Pipeline mode:   SEARCH
# Query file:      Ptpn5_6.fasta.align.hmm
# Target file:     control1protein.fasta
# Option settings: ./hmmsearch --tblout control1protein.fasta.Ptpn5_6.out Ptpn5_6.fasta.align.hmm control1protein.fasta 
# Current dir:     /mnt/c/Users/Grant/Desktop/dumb-class/git-projects/Intro_Biocomp_Group_Project
# Date:            Mon Dec  4 14:43:04 2017
# [ok]
