#                                                               --- full sequence ---- --- best 1 domain ---- --- domain number estimation ----
# target name        accession  query name           accession    E-value  score  bias   E-value  score  bias   exp reg clu  ov env dom rep inc description of target
#------------------- ---------- -------------------- ---------- --------- ------ ----- --------- ------ -----   --- --- --- --- --- --- --- --- ---------------------
Obese1               -          Synpr_10.fasta       -             2e-203  668.5   5.4  2.2e-203  668.3   5.4   1.0   1   0   0   1   1   1   1 -
Obese1               -          Synpr_10.fasta       -             2e-203  668.5   5.4  2.2e-203  668.3   5.4   1.0   1   0   0   1   1   1   1 -
Obese1               -          Synpr_10.fasta       -             2e-203  668.5   5.4  2.2e-203  668.3   5.4   1.0   1   0   0   1   1   1   1 -
Obese1               -          Synpr_10.fasta       -             2e-203  668.5   5.4  2.2e-203  668.3   5.4   1.0   1   0   0   1   1   1   1 -
Obese1               -          Synpr_10.fasta       -             2e-203  668.5   5.4  2.2e-203  668.3   5.4   1.0   1   0   0   1   1   1   1 -
Obese1               -          Synpr_10.fasta       -             2e-203  668.5   5.4  2.2e-203  668.3   5.4   1.0   1   0   0   1   1   1   1 -
Obese1               -          Synpr_10.fasta       -             2e-203  668.5   5.4  2.2e-203  668.3   5.4   1.0   1   0   0   1   1   1   1 -
Obese1               -          Synpr_10.fasta       -             2e-203  668.5   5.4  2.2e-203  668.3   5.4   1.0   1   0   0   1   1   1   1 -
Obese1               -          Synpr_10.fasta       -             2e-203  668.5   5.4  2.2e-203  668.3   5.4   1.0   1   0   0   1   1   1   1 -
Obese1               -          Synpr_10.fasta       -             2e-203  668.5   5.4  2.2e-203  668.3   5.4   1.0   1   0   0   1   1   1   1 -
Obese1               -          Synpr_10.fasta       -             2e-203  668.5   5.4  2.2e-203  668.3   5.4   1.0   1   0   0   1   1   1   1 -
Obese1               -          Synpr_10.fasta       -             2e-203  668.5   5.4  2.2e-203  668.3   5.4   1.0   1   0   0   1   1   1   1 -
Obese1               -          Synpr_10.fasta       -             2e-203  668.5   5.4  2.2e-203  668.3   5.4   1.0   1   0   0   1   1   1   1 -
Obese1               -          Synpr_10.fasta       -             2e-203  668.5   5.4  2.2e-203  668.3   5.4   1.0   1   0   0   1   1   1   1 -
Obese1               -          Synpr_10.fasta       -             2e-203  668.5   5.4  2.2e-203  668.3   5.4   1.0   1   0   0   1   1   1   1 -
Obese1               -          Synpr_10.fasta       -             2e-203  668.5   5.4  2.2e-203  668.3   5.4   1.0   1   0   0   1   1   1   1 -
Obese1               -          Synpr_10.fasta       -             2e-203  668.5   5.4  2.2e-203  668.3   5.4   1.0   1   0   0   1   1   1   1 -
Obese1               -          Synpr_10.fasta       -             2e-203  668.5   5.4  2.2e-203  668.3   5.4   1.0   1   0   0   1   1   1   1 -
Obese1               -          Synpr_10.fasta       -             2e-203  668.5   5.4  2.2e-203  668.3   5.4   1.0   1   0   0   1   1   1   1 -
Obese1               -          Synpr_10.fasta       -             2e-203  668.5   5.4  2.2e-203  668.3   5.4   1.0   1   0   0   1   1   1   1 -
Obese1               -          Synpr_10.fasta       -             2e-203  668.5   5.4  2.2e-203  668.3   5.4   1.0   1   0   0   1   1   1   1 -
Obese1               -          Synpr_10.fasta       -             2e-203  668.5   5.4  2.2e-203  668.3   5.4   1.0   1   0   0   1   1   1   1 -
Obese1               -          Synpr_10.fasta       -             2e-203  668.5   5.4  2.2e-203  668.3   5.4   1.0   1   0   0   1   1   1   1 -
Obese1               -          Synpr_10.fasta       -             2e-203  668.5   5.4  2.2e-203  668.3   5.4   1.0   1   0   0   1   1   1   1 -
Obese1               -          Synpr_10.fasta       -             2e-203  668.5   5.4  2.2e-203  668.3   5.4   1.0   1   0   0   1   1   1   1 -
Obese1               -          Synpr_10.fasta       -             2e-203  668.5   5.4  2.2e-203  668.3   5.4   1.0   1   0   0   1   1   1   1 -
Obese1               -          Synpr_10.fasta       -             2e-203  668.5   5.4  2.2e-203  668.3   5.4   1.0   1   0   0   1   1   1   1 -
Obese1               -          Synpr_10.fasta       -             2e-203  668.5   5.4  2.2e-203  668.3   5.4   1.0   1   0   0   1   1   1   1 -
Obese1               -          Synpr_10.fasta       -             2e-203  668.5   5.4  2.2e-203  668.3   5.4   1.0   1   0   0   1   1   1   1 -
Obese1               -          Synpr_10.fasta       -             2e-203  668.5   5.4  2.2e-203  668.3   5.4   1.0   1   0   0   1   1   1   1 -
Obese1               -          Synpr_10.fasta       -             2e-203  668.5   5.4  2.2e-203  668.3   5.4   1.0   1   0   0   1   1   1   1 -
Obese1               -          Synpr_10.fasta       -             2e-203  668.5   5.4  2.2e-203  668.3   5.4   1.0   1   0   0   1   1   1   1 -
Obese1               -          Synpr_10.fasta       -             2e-203  668.5   5.4  2.2e-203  668.3   5.4   1.0   1   0   0   1   1   1   1 -
Obese1               -          Synpr_10.fasta       -             2e-203  668.5   5.4  2.2e-203  668.3   5.4   1.0   1   0   0   1   1   1   1 -
Obese1               -          Synpr_10.fasta       -             2e-203  668.5   5.4  2.2e-203  668.3   5.4   1.0   1   0   0   1   1   1   1 -
Obese1               -          Synpr_10.fasta       -             2e-203  668.5   5.4  2.2e-203  668.3   5.4   1.0   1   0   0   1   1   1   1 -
Obese1               -          Synpr_10.fasta       -             2e-203  668.5   5.4  2.2e-203  668.3   5.4   1.0   1   0   0   1   1   1   1 -
Obese1               -          Synpr_10.fasta       -             2e-203  668.5   5.4  2.2e-203  668.3   5.4   1.0   1   0   0   1   1   1   1 -
Obese1               -          Synpr_10.fasta       -             2e-203  668.5   5.4  2.2e-203  668.3   5.4   1.0   1   0   0   1   1   1   1 -
Obese1               -          Synpr_10.fasta       -             2e-203  668.5   5.4  2.2e-203  668.3   5.4   1.0   1   0   0   1   1   1   1 -
Obese1               -          Synpr_10.fasta       -             2e-203  668.5   5.4  2.2e-203  668.3   5.4   1.0   1   0   0   1   1   1   1 -
Obese1               -          Synpr_10.fasta       -             2e-203  668.5   5.4  2.2e-203  668.3   5.4   1.0   1   0   0   1   1   1   1 -
Obese1               -          Synpr_10.fasta       -             2e-203  668.5   5.4  2.2e-203  668.3   5.4   1.0   1   0   0   1   1   1   1 -
Obese1               -          Synpr_10.fasta       -             2e-203  668.5   5.4  2.2e-203  668.3   5.4   1.0   1   0   0   1   1   1   1 -
Obese1               -          Synpr_10.fasta       -             2e-203  668.5   5.4  2.2e-203  668.3   5.4   1.0   1   0   0   1   1   1   1 -
Obese1               -          Synpr_10.fasta       -             2e-203  668.5   5.4  2.2e-203  668.3   5.4   1.0   1   0   0   1   1   1   1 -
Obese1               -          Synpr_10.fasta       -             2e-203  668.5   5.4  2.2e-203  668.3   5.4   1.0   1   0   0   1   1   1   1 -
Obese1               -          Synpr_10.fasta       -             2e-203  668.5   5.4  2.2e-203  668.3   5.4   1.0   1   0   0   1   1   1   1 -
Obese1               -          Synpr_10.fasta       -             2e-203  668.5   5.4  2.2e-203  668.3   5.4   1.0   1   0   0   1   1   1   1 -
Obese1               -          Synpr_10.fasta       -             2e-203  668.5   5.4  2.2e-203  668.3   5.4   1.0   1   0   0   1   1   1   1 -
Obese1               -          Synpr_10.fasta       -             2e-203  668.5   5.4  2.2e-203  668.3   5.4   1.0   1   0   0   1   1   1   1 -
Obese1               -          Synpr_10.fasta       -             2e-203  668.5   5.4  2.2e-203  668.3   5.4   1.0   1   0   0   1   1   1   1 -
Obese1               -          Synpr_10.fasta       -             2e-203  668.5   5.4  2.2e-203  668.3   5.4   1.0   1   0   0   1   1   1   1 -
Obese1               -          Synpr_10.fasta       -             2e-203  668.5   5.4  2.2e-203  668.3   5.4   1.0   1   0   0   1   1   1   1 -
Obese1               -          Synpr_10.fasta       -             2e-203  668.5   5.4  2.2e-203  668.3   5.4   1.0   1   0   0   1   1   1   1 -
Obese1               -          Synpr_10.fasta       -             2e-203  668.5   5.4  2.2e-203  668.3   5.4   1.0   1   0   0   1   1   1   1 -
Obese1               -          Synpr_10.fasta       -             2e-203  668.5   5.4  2.2e-203  668.3   5.4   1.0   1   0   0   1   1   1   1 -
Obese1               -          Synpr_10.fasta       -             2e-203  668.5   5.4  2.2e-203  668.3   5.4   1.0   1   0   0   1   1   1   1 -
Obese1               -          Synpr_10.fasta       -             2e-203  668.5   5.4  2.2e-203  668.3   5.4   1.0   1   0   0   1   1   1   1 -
Obese1               -          Synpr_10.fasta       -             2e-203  668.5   5.4  2.2e-203  668.3   5.4   1.0   1   0   0   1   1   1   1 -
Obese1               -          Synpr_10.fasta       -             2e-203  668.5   5.4  2.2e-203  668.3   5.4   1.0   1   0   0   1   1   1   1 -
Obese1               -          Synpr_10.fasta       -             2e-203  668.5   5.4  2.2e-203  668.3   5.4   1.0   1   0   0   1   1   1   1 -
Obese1               -          Synpr_10.fasta       -             2e-203  668.5   5.4  2.2e-203  668.3   5.4   1.0   1   0   0   1   1   1   1 -
Obese1               -          Synpr_10.fasta       -             2e-203  668.5   5.4  2.2e-203  668.3   5.4   1.0   1   0   0   1   1   1   1 -
Obese1               -          Synpr_10.fasta       -             2e-203  668.5   5.4  2.2e-203  668.3   5.4   1.0   1   0   0   1   1   1   1 -
Obese1               -          Synpr_10.fasta       -             2e-203  668.5   5.4  2.2e-203  668.3   5.4   1.0   1   0   0   1   1   1   1 -
Obese1               -          Synpr_10.fasta       -             2e-203  668.5   5.4  2.2e-203  668.3   5.4   1.0   1   0   0   1   1   1   1 -
Obese1               -          Synpr_10.fasta       -             2e-203  668.5   5.4  2.2e-203  668.3   5.4   1.0   1   0   0   1   1   1   1 -
Obese1               -          Synpr_10.fasta       -             2e-203  668.5   5.4  2.2e-203  668.3   5.4   1.0   1   0   0   1   1   1   1 -
Obese1               -          Synpr_10.fasta       -             2e-203  668.5   5.4  2.2e-203  668.3   5.4   1.0   1   0   0   1   1   1   1 -
Obese1               -          Synpr_10.fasta       -             2e-203  668.5   5.4  2.2e-203  668.3   5.4   1.0   1   0   0   1   1   1   1 -
Obese1               -          Synpr_10.fasta       -             2e-203  668.5   5.4  2.2e-203  668.3   5.4   1.0   1   0   0   1   1   1   1 -
Obese1               -          Synpr_10.fasta       -             2e-203  668.5   5.4  2.2e-203  668.3   5.4   1.0   1   0   0   1   1   1   1 -
Obese1               -          Synpr_10.fasta       -             2e-203  668.5   5.4  2.2e-203  668.3   5.4   1.0   1   0   0   1   1   1   1 -
Obese1               -          Synpr_10.fasta       -             2e-203  668.5   5.4  2.2e-203  668.3   5.4   1.0   1   0   0   1   1   1   1 -
Obese1               -          Synpr_10.fasta       -             2e-203  668.5   5.4  2.2e-203  668.3   5.4   1.0   1   0   0   1   1   1   1 -
Obese1               -          Synpr_10.fasta       -             2e-203  668.5   5.4  2.2e-203  668.3   5.4   1.0   1   0   0   1   1   1   1 -
Obese1               -          Synpr_10.fasta       -             2e-203  668.5   5.4  2.2e-203  668.3   5.4   1.0   1   0   0   1   1   1   1 -
Obese1               -          Synpr_10.fasta       -             2e-203  668.5   5.4  2.2e-203  668.3   5.4   1.0   1   0   0   1   1   1   1 -
Obese1               -          Synpr_10.fasta       -             2e-203  668.5   5.4  2.2e-203  668.3   5.4   1.0   1   0   0   1   1   1   1 -
Obese1               -          Synpr_10.fasta       -             2e-203  668.5   5.4  2.2e-203  668.3   5.4   1.0   1   0   0   1   1   1   1 -
Obese1               -          Synpr_10.fasta       -             2e-203  668.5   5.4  2.2e-203  668.3   5.4   1.0   1   0   0   1   1   1   1 -
Obese1               -          Synpr_10.fasta       -             2e-203  668.5   5.4  2.2e-203  668.3   5.4   1.0   1   0   0   1   1   1   1 -
Obese1               -          Synpr_10.fasta       -             2e-203  668.5   5.4  2.2e-203  668.3   5.4   1.0   1   0   0   1   1   1   1 -
Obese1               -          Synpr_10.fasta       -             2e-203  668.5   5.4  2.2e-203  668.3   5.4   1.0   1   0   0   1   1   1   1 -
Obese1               -          Synpr_10.fasta       -             2e-203  668.5   5.4  2.2e-203  668.3   5.4   1.0   1   0   0   1   1   1   1 -
Obese1               -          Synpr_10.fasta       -             2e-203  668.5   5.4  2.2e-203  668.3   5.4   1.0   1   0   0   1   1   1   1 -
Obese1               -          Synpr_10.fasta       -             2e-203  668.5   5.4  2.2e-203  668.3   5.4   1.0   1   0   0   1   1   1   1 -
Obese1               -          Synpr_10.fasta       -             2e-203  668.5   5.4  2.2e-203  668.3   5.4   1.0   1   0   0   1   1   1   1 -
Obese1               -          Synpr_10.fasta       -             2e-203  668.5   5.4  2.2e-203  668.3   5.4   1.0   1   0   0   1   1   1   1 -
Obese1               -          Synpr_10.fasta       -             2e-203  668.5   5.4  2.2e-203  668.3   5.4   1.0   1   0   0   1   1   1   1 -
Obese1               -          Synpr_10.fasta       -             2e-203  668.5   5.4  2.2e-203  668.3   5.4   1.0   1   0   0   1   1   1   1 -
Obese1               -          Synpr_10.fasta       -             2e-203  668.5   5.4  2.2e-203  668.3   5.4   1.0   1   0   0   1   1   1   1 -
Obese1               -          Synpr_10.fasta       -             2e-203  668.5   5.4  2.2e-203  668.3   5.4   1.0   1   0   0   1   1   1   1 -
Obese1               -          Synpr_10.fasta       -             2e-203  668.5   5.4  2.2e-203  668.3   5.4   1.0   1   0   0   1   1   1   1 -
Obese1               -          Synpr_10.fasta       -             2e-203  668.5   5.4  2.2e-203  668.3   5.4   1.0   1   0   0   1   1   1   1 -
Obese1               -          Synpr_10.fasta       -             2e-203  668.5   5.4  2.2e-203  668.3   5.4   1.0   1   0   0   1   1   1   1 -
Obese1               -          Synpr_10.fasta       -             2e-203  668.5   5.4  2.2e-203  668.3   5.4   1.0   1   0   0   1   1   1   1 -
Obese1               -          Synpr_10.fasta       -             2e-203  668.5   5.4  2.2e-203  668.3   5.4   1.0   1   0   0   1   1   1   1 -
Obese1               -          Synpr_10.fasta       -             2e-203  668.5   5.4  2.2e-203  668.3   5.4   1.0   1   0   0   1   1   1   1 -
#
# Program:         hmmsearch
# Version:         3.1b2 (February 2015)
# Pipeline mode:   SEARCH
# Query file:      Synpr_10.fasta.align.hmm
# Target file:     obese1protein.fasta
# Option settings: ./hmmsearch --tblout obese1protein.fasta.Synpr_10.out Synpr_10.fasta.align.hmm obese1protein.fasta 
# Current dir:     /mnt/c/Users/Grant/Desktop/dumb-class/git-projects/Intro_Biocomp_Group_Project
# Date:            Mon Dec  4 14:43:15 2017
# [ok]
