#                                                                --- full sequence ---- --- best 1 domain ---- --- domain number estimation ----
# target name        accession  query name            accession    E-value  score  bias   E-value  score  bias   exp reg clu  ov env dom rep inc description of target
#------------------- ----------  -------------------- ---------- --------- ------ ----- --------- ------ -----   --- --- --- --- --- --- --- --- ---------------------
Control1             -          Lhx2_9-primates.fasta -           7.9e-223  732.6   5.1  8.9e-223  732.5   5.1   1.0   1   0   0   1   1   1   1 -
Control1             -          Lhx2_9-primates.fasta -           7.9e-223  732.6   5.1  8.9e-223  732.5   5.1   1.0   1   0   0   1   1   1   1 -
Control1             -          Lhx2_9-primates.fasta -           7.9e-223  732.6   5.1  8.9e-223  732.5   5.1   1.0   1   0   0   1   1   1   1 -
Control1             -          Lhx2_9-primates.fasta -           7.9e-223  732.6   5.1  8.9e-223  732.5   5.1   1.0   1   0   0   1   1   1   1 -
Control1             -          Lhx2_9-primates.fasta -           7.9e-223  732.6   5.1  8.9e-223  732.5   5.1   1.0   1   0   0   1   1   1   1 -
Control1             -          Lhx2_9-primates.fasta -           7.9e-223  732.6   5.1  8.9e-223  732.5   5.1   1.0   1   0   0   1   1   1   1 -
Control1             -          Lhx2_9-primates.fasta -           7.9e-223  732.6   5.1  8.9e-223  732.5   5.1   1.0   1   0   0   1   1   1   1 -
Control1             -          Lhx2_9-primates.fasta -           7.9e-223  732.6   5.1  8.9e-223  732.5   5.1   1.0   1   0   0   1   1   1   1 -
Control1             -          Lhx2_9-primates.fasta -           7.9e-223  732.6   5.1  8.9e-223  732.5   5.1   1.0   1   0   0   1   1   1   1 -
Control1             -          Lhx2_9-primates.fasta -           7.9e-223  732.6   5.1  8.9e-223  732.5   5.1   1.0   1   0   0   1   1   1   1 -
Control1             -          Lhx2_9-primates.fasta -           7.9e-223  732.6   5.1  8.9e-223  732.5   5.1   1.0   1   0   0   1   1   1   1 -
Control1             -          Lhx2_9-primates.fasta -           7.9e-223  732.6   5.1  8.9e-223  732.5   5.1   1.0   1   0   0   1   1   1   1 -
Control1             -          Lhx2_9-primates.fasta -           7.9e-223  732.6   5.1  8.9e-223  732.5   5.1   1.0   1   0   0   1   1   1   1 -
Control1             -          Lhx2_9-primates.fasta -           7.9e-223  732.6   5.1  8.9e-223  732.5   5.1   1.0   1   0   0   1   1   1   1 -
Control1             -          Lhx2_9-primates.fasta -           7.9e-223  732.6   5.1  8.9e-223  732.5   5.1   1.0   1   0   0   1   1   1   1 -
#
# Program:         hmmsearch
# Version:         3.1b2 (February 2015)
# Pipeline mode:   SEARCH
# Query file:      Lhx2_9-primates.fasta.msa.hmm
# Target file:     ../control1protein.fasta
# Option settings: ../hmmsearch --tblout ../control1protein.fasta.Lhx2_9-primates.out Lhx2_9-primates.fasta.msa.hmm ../control1protein.fasta 
# Current dir:     /mnt/c/Users/Grant/Desktop/dumb-class/git-projects/Intro_Biocomp_Group_Project/Further_Exploration
# Date:            Mon Dec  4 19:35:38 2017
# [ok]
