#                                                                 --- full sequence ---- --- best 1 domain ---- --- domain number estimation ----
# target name        accession  query name             accession    E-value  score  bias   E-value  score  bias   exp reg clu  ov env dom rep inc description of target
#------------------- ----------   -------------------- ---------- --------- ------ ----- --------- ------ -----   --- --- --- --- --- --- --- --- ---------------------
Control1             -          Gsta2_1-primates.fasta -           3.5e-126  412.3   0.2  3.9e-126  412.2   0.2   1.0   1   0   0   1   1   1   1 -
Control1             -          Gsta2_1-primates.fasta -           3.5e-126  412.3   0.2  3.9e-126  412.2   0.2   1.0   1   0   0   1   1   1   1 -
Control1             -          Gsta2_1-primates.fasta -           3.5e-126  412.3   0.2  3.9e-126  412.2   0.2   1.0   1   0   0   1   1   1   1 -
Control1             -          Gsta2_1-primates.fasta -           3.5e-126  412.3   0.2  3.9e-126  412.2   0.2   1.0   1   0   0   1   1   1   1 -
Control1             -          Gsta2_1-primates.fasta -           3.5e-126  412.3   0.2  3.9e-126  412.2   0.2   1.0   1   0   0   1   1   1   1 -
Control1             -          Gsta2_1-primates.fasta -           3.5e-126  412.3   0.2  3.9e-126  412.2   0.2   1.0   1   0   0   1   1   1   1 -
Control1             -          Gsta2_1-primates.fasta -           3.5e-126  412.3   0.2  3.9e-126  412.2   0.2   1.0   1   0   0   1   1   1   1 -
Control1             -          Gsta2_1-primates.fasta -           3.5e-126  412.3   0.2  3.9e-126  412.2   0.2   1.0   1   0   0   1   1   1   1 -
Control1             -          Gsta2_1-primates.fasta -           3.5e-126  412.3   0.2  3.9e-126  412.2   0.2   1.0   1   0   0   1   1   1   1 -
Control1             -          Gsta2_1-primates.fasta -           3.5e-126  412.3   0.2  3.9e-126  412.2   0.2   1.0   1   0   0   1   1   1   1 -
Control1             -          Gsta2_1-primates.fasta -           3.5e-126  412.3   0.2  3.9e-126  412.2   0.2   1.0   1   0   0   1   1   1   1 -
Control1             -          Gsta2_1-primates.fasta -           3.5e-126  412.3   0.2  3.9e-126  412.2   0.2   1.0   1   0   0   1   1   1   1 -
#
# Program:         hmmsearch
# Version:         3.1b2 (February 2015)
# Pipeline mode:   SEARCH
# Query file:      Gsta2_1-primates.fasta.msa.hmm
# Target file:     ../control1protein.fasta
# Option settings: ../hmmsearch --tblout ../control1protein.fasta.Gsta2_1-primates.out Gsta2_1-primates.fasta.msa.hmm ../control1protein.fasta 
# Current dir:     /mnt/c/Users/Grant/Desktop/dumb-class/git-projects/Intro_Biocomp_Group_Project/Further_Exploration
# Date:            Mon Dec  4 19:35:38 2017
# [ok]
