#                                                               --- full sequence ---- --- best 1 domain ---- --- domain number estimation ----
# target name        accession  query name           accession    E-value  score  bias   E-value  score  bias   exp reg clu  ov env dom rep inc description of target
#------------------- ---------- -------------------- ---------- --------- ------ ----- --------- ------ -----   --- --- --- --- --- --- --- --- ---------------------
Control2             -          Gsta2_1.fasta        -           1.7e-155  508.9   0.3  1.9e-155  508.8   0.3   1.0   1   0   0   1   1   1   1 -
Control2             -          Gsta2_1.fasta        -           1.7e-155  508.9   0.3  1.9e-155  508.8   0.3   1.0   1   0   0   1   1   1   1 -
Control2             -          Gsta2_1.fasta        -           1.7e-155  508.9   0.3  1.9e-155  508.8   0.3   1.0   1   0   0   1   1   1   1 -
Control2             -          Gsta2_1.fasta        -           1.7e-155  508.9   0.3  1.9e-155  508.8   0.3   1.0   1   0   0   1   1   1   1 -
Control2             -          Gsta2_1.fasta        -           1.7e-155  508.9   0.3  1.9e-155  508.8   0.3   1.0   1   0   0   1   1   1   1 -
Control2             -          Gsta2_1.fasta        -           1.7e-155  508.9   0.3  1.9e-155  508.8   0.3   1.0   1   0   0   1   1   1   1 -
Control2             -          Gsta2_1.fasta        -           1.7e-155  508.9   0.3  1.9e-155  508.8   0.3   1.0   1   0   0   1   1   1   1 -
Control2             -          Gsta2_1.fasta        -           1.7e-155  508.9   0.3  1.9e-155  508.8   0.3   1.0   1   0   0   1   1   1   1 -
Control2             -          Gsta2_1.fasta        -           1.7e-155  508.9   0.3  1.9e-155  508.8   0.3   1.0   1   0   0   1   1   1   1 -
Control2             -          Gsta2_1.fasta        -           1.7e-155  508.9   0.3  1.9e-155  508.8   0.3   1.0   1   0   0   1   1   1   1 -
Control2             -          Gsta2_1.fasta        -           1.7e-155  508.9   0.3  1.9e-155  508.8   0.3   1.0   1   0   0   1   1   1   1 -
Control2             -          Gsta2_1.fasta        -           1.7e-155  508.9   0.3  1.9e-155  508.8   0.3   1.0   1   0   0   1   1   1   1 -
Control2             -          Gsta2_1.fasta        -           1.7e-155  508.9   0.3  1.9e-155  508.8   0.3   1.0   1   0   0   1   1   1   1 -
Control2             -          Gsta2_1.fasta        -           1.7e-155  508.9   0.3  1.9e-155  508.8   0.3   1.0   1   0   0   1   1   1   1 -
Control2             -          Gsta2_1.fasta        -           1.7e-155  508.9   0.3  1.9e-155  508.8   0.3   1.0   1   0   0   1   1   1   1 -
Control2             -          Gsta2_1.fasta        -           1.7e-155  508.9   0.3  1.9e-155  508.8   0.3   1.0   1   0   0   1   1   1   1 -
Control2             -          Gsta2_1.fasta        -           1.7e-155  508.9   0.3  1.9e-155  508.8   0.3   1.0   1   0   0   1   1   1   1 -
Control2             -          Gsta2_1.fasta        -           1.7e-155  508.9   0.3  1.9e-155  508.8   0.3   1.0   1   0   0   1   1   1   1 -
Control2             -          Gsta2_1.fasta        -           1.7e-155  508.9   0.3  1.9e-155  508.8   0.3   1.0   1   0   0   1   1   1   1 -
Control2             -          Gsta2_1.fasta        -           1.7e-155  508.9   0.3  1.9e-155  508.8   0.3   1.0   1   0   0   1   1   1   1 -
#
# Program:         hmmsearch
# Version:         3.1b2 (February 2015)
# Pipeline mode:   SEARCH
# Query file:      ./hmm/Gsta2_1.fasta.align.hmm
# Target file:     ./Control2protein.fasta
# Option settings: ./hmm/hmmsearch --tblout ./hmmoutput/Control2protein.fasta.Gsta2_1.out ./hmm/Gsta2_1.fasta.align.hmm ./Control2protein.fasta 
# Current dir:     /cygdrive/c/Users/kcaroth1/Desktop/Bioinformatics/Group Project/Intro_Biocomp_Group_Project
# Date:            Thu Dec  7 15:07:59 2017
# [ok]
