#                                                               --- full sequence ---- --- best 1 domain ---- --- domain number estimation ----
# target name        accession  query name           accession    E-value  score  bias   E-value  score  bias   exp reg clu  ov env dom rep inc description of target
#------------------- ---------- -------------------- ---------- --------- ------ ----- --------- ------ -----   --- --- --- --- --- --- --- --- ---------------------
Control2             -          Slc7a12_2.fasta      -           8.7e-102  335.1  21.6   6.3e-57  186.6   0.7   5.2   2   1   3   5   5   5   5 -
Control2             -          Slc7a12_2.fasta      -           8.7e-102  335.1  21.6   6.3e-57  186.6   0.7   5.2   2   1   3   5   5   5   5 -
Control2             -          Slc7a12_2.fasta      -           8.7e-102  335.1  21.6   6.3e-57  186.6   0.7   5.2   2   1   3   5   5   5   5 -
Control2             -          Slc7a12_2.fasta      -           8.7e-102  335.1  21.6   6.3e-57  186.6   0.7   5.2   2   1   3   5   5   5   5 -
Control2             -          Slc7a12_2.fasta      -           8.7e-102  335.1  21.6   6.3e-57  186.6   0.7   5.2   2   1   3   5   5   5   5 -
Control2             -          Slc7a12_2.fasta      -           8.7e-102  335.1  21.6   6.3e-57  186.6   0.7   5.2   2   1   3   5   5   5   5 -
Control2             -          Slc7a12_2.fasta      -           8.7e-102  335.1  21.6   6.3e-57  186.6   0.7   5.2   2   1   3   5   5   5   5 -
Control2             -          Slc7a12_2.fasta      -           8.7e-102  335.1  21.6   6.3e-57  186.6   0.7   5.2   2   1   3   5   5   5   5 -
Control2             -          Slc7a12_2.fasta      -           8.7e-102  335.1  21.6   6.3e-57  186.6   0.7   5.2   2   1   3   5   5   5   5 -
Control2             -          Slc7a12_2.fasta      -           8.7e-102  335.1  21.6   6.3e-57  186.6   0.7   5.2   2   1   3   5   5   5   5 -
Control2             -          Slc7a12_2.fasta      -           8.7e-102  335.1  21.6   6.3e-57  186.6   0.7   5.2   2   1   3   5   5   5   5 -
Control2             -          Slc7a12_2.fasta      -           8.7e-102  335.1  21.6   6.3e-57  186.6   0.7   5.2   2   1   3   5   5   5   5 -
Control2             -          Slc7a12_2.fasta      -           8.7e-102  335.1  21.6   6.3e-57  186.6   0.7   5.2   2   1   3   5   5   5   5 -
Control2             -          Slc7a12_2.fasta      -           8.7e-102  335.1  21.6   6.3e-57  186.6   0.7   5.2   2   1   3   5   5   5   5 -
Control2             -          Slc7a12_2.fasta      -           8.7e-102  335.1  21.6   6.3e-57  186.6   0.7   5.2   2   1   3   5   5   5   5 -
Control2             -          Slc7a12_2.fasta      -           8.7e-102  335.1  21.6   6.3e-57  186.6   0.7   5.2   2   1   3   5   5   5   5 -
Control2             -          Slc7a12_2.fasta      -           8.7e-102  335.1  21.6   6.3e-57  186.6   0.7   5.2   2   1   3   5   5   5   5 -
Control2             -          Slc7a12_2.fasta      -           8.7e-102  335.1  21.6   6.3e-57  186.6   0.7   5.2   2   1   3   5   5   5   5 -
Control2             -          Slc7a12_2.fasta      -           8.7e-102  335.1  21.6   6.3e-57  186.6   0.7   5.2   2   1   3   5   5   5   5 -
Control2             -          Slc7a12_2.fasta      -           8.7e-102  335.1  21.6   6.3e-57  186.6   0.7   5.2   2   1   3   5   5   5   5 -
#
# Program:         hmmsearch
# Version:         3.1b2 (February 2015)
# Pipeline mode:   SEARCH
# Query file:      ./hmm/Slc7a12_2.fasta.align.hmm
# Target file:     ./Control2protein.fasta
# Option settings: ./hmm/hmmsearch --tblout ./hmmoutput/Control2protein.fasta.Slc7a12_2.out ./hmm/Slc7a12_2.fasta.align.hmm ./Control2protein.fasta 
# Current dir:     /cygdrive/c/Users/kcaroth1/Desktop/Bioinformatics/Group Project/Intro_Biocomp_Group_Project
# Date:            Thu Dec  7 15:08:02 2017
# [ok]
