#                                                               --- full sequence ---- --- best 1 domain ---- --- domain number estimation ----
# target name        accession  query name           accession    E-value  score  bias   E-value  score  bias   exp reg clu  ov env dom rep inc description of target
#------------------- ---------- -------------------- ---------- --------- ------ ----- --------- ------ -----   --- --- --- --- --- --- --- --- ---------------------
Control1             -          Lhx2_9.fasta         -           2.9e-298  980.9   7.3  3.2e-298  980.8   7.3   1.0   1   0   0   1   1   1   1 -
Control1             -          Lhx2_9.fasta         -           2.9e-298  980.9   7.3  3.2e-298  980.8   7.3   1.0   1   0   0   1   1   1   1 -
Control1             -          Lhx2_9.fasta         -           2.9e-298  980.9   7.3  3.2e-298  980.8   7.3   1.0   1   0   0   1   1   1   1 -
Control1             -          Lhx2_9.fasta         -           2.9e-298  980.9   7.3  3.2e-298  980.8   7.3   1.0   1   0   0   1   1   1   1 -
Control1             -          Lhx2_9.fasta         -           2.9e-298  980.9   7.3  3.2e-298  980.8   7.3   1.0   1   0   0   1   1   1   1 -
Control1             -          Lhx2_9.fasta         -           2.9e-298  980.9   7.3  3.2e-298  980.8   7.3   1.0   1   0   0   1   1   1   1 -
Control1             -          Lhx2_9.fasta         -           2.9e-298  980.9   7.3  3.2e-298  980.8   7.3   1.0   1   0   0   1   1   1   1 -
Control1             -          Lhx2_9.fasta         -           2.9e-298  980.9   7.3  3.2e-298  980.8   7.3   1.0   1   0   0   1   1   1   1 -
Control1             -          Lhx2_9.fasta         -           2.9e-298  980.9   7.3  3.2e-298  980.8   7.3   1.0   1   0   0   1   1   1   1 -
Control1             -          Lhx2_9.fasta         -           2.9e-298  980.9   7.3  3.2e-298  980.8   7.3   1.0   1   0   0   1   1   1   1 -
Control1             -          Lhx2_9.fasta         -           2.9e-298  980.9   7.3  3.2e-298  980.8   7.3   1.0   1   0   0   1   1   1   1 -
Control1             -          Lhx2_9.fasta         -           2.9e-298  980.9   7.3  3.2e-298  980.8   7.3   1.0   1   0   0   1   1   1   1 -
Control1             -          Lhx2_9.fasta         -           2.9e-298  980.9   7.3  3.2e-298  980.8   7.3   1.0   1   0   0   1   1   1   1 -
Control1             -          Lhx2_9.fasta         -           2.9e-298  980.9   7.3  3.2e-298  980.8   7.3   1.0   1   0   0   1   1   1   1 -
Control1             -          Lhx2_9.fasta         -           2.9e-298  980.9   7.3  3.2e-298  980.8   7.3   1.0   1   0   0   1   1   1   1 -
#
# Program:         hmmsearch
# Version:         3.1b2 (February 2015)
# Pipeline mode:   SEARCH
# Query file:      ./hmm/Lhx2_9.fasta.align.hmm
# Target file:     ./Control1protein.fasta
# Option settings: ./hmm/hmmsearch --tblout ./hmmoutput/Control1protein.fasta.Lhx2_9.out ./hmm/Lhx2_9.fasta.align.hmm ./Control1protein.fasta 
# Current dir:     /cygdrive/c/Users/kcaroth1/Desktop/Bioinformatics/Group Project/Intro_Biocomp_Group_Project
# Date:            Thu Dec  7 15:07:57 2017
# [ok]
