#                                                               --- full sequence ---- --- best 1 domain ---- --- domain number estimation ----
# target name        accession  query name           accession    E-value  score  bias   E-value  score  bias   exp reg clu  ov env dom rep inc description of target
#------------------- ---------- -------------------- ---------- --------- ------ ----- --------- ------ -----   --- --- --- --- --- --- --- --- ---------------------
Control2             -          Ptpn5_6.fasta        -                  0 1318.0   2.8         0 1317.8   2.8   1.0   1   0   0   1   1   1   1 -
Control2             -          Ptpn5_6.fasta        -                  0 1318.0   2.8         0 1317.8   2.8   1.0   1   0   0   1   1   1   1 -
Control2             -          Ptpn5_6.fasta        -                  0 1318.0   2.8         0 1317.8   2.8   1.0   1   0   0   1   1   1   1 -
Control2             -          Ptpn5_6.fasta        -                  0 1318.0   2.8         0 1317.8   2.8   1.0   1   0   0   1   1   1   1 -
Control2             -          Ptpn5_6.fasta        -                  0 1318.0   2.8         0 1317.8   2.8   1.0   1   0   0   1   1   1   1 -
Control2             -          Ptpn5_6.fasta        -                  0 1318.0   2.8         0 1317.8   2.8   1.0   1   0   0   1   1   1   1 -
Control2             -          Ptpn5_6.fasta        -                  0 1318.0   2.8         0 1317.8   2.8   1.0   1   0   0   1   1   1   1 -
Control2             -          Ptpn5_6.fasta        -                  0 1318.0   2.8         0 1317.8   2.8   1.0   1   0   0   1   1   1   1 -
Control2             -          Ptpn5_6.fasta        -                  0 1318.0   2.8         0 1317.8   2.8   1.0   1   0   0   1   1   1   1 -
Control2             -          Ptpn5_6.fasta        -                  0 1318.0   2.8         0 1317.8   2.8   1.0   1   0   0   1   1   1   1 -
Control2             -          Ptpn5_6.fasta        -                  0 1318.0   2.8         0 1317.8   2.8   1.0   1   0   0   1   1   1   1 -
Control2             -          Ptpn5_6.fasta        -                  0 1318.0   2.8         0 1317.8   2.8   1.0   1   0   0   1   1   1   1 -
Control2             -          Ptpn5_6.fasta        -                  0 1318.0   2.8         0 1317.8   2.8   1.0   1   0   0   1   1   1   1 -
Control2             -          Ptpn5_6.fasta        -                  0 1318.0   2.8         0 1317.8   2.8   1.0   1   0   0   1   1   1   1 -
Control2             -          Ptpn5_6.fasta        -                  0 1318.0   2.8         0 1317.8   2.8   1.0   1   0   0   1   1   1   1 -
Control2             -          Ptpn5_6.fasta        -                  0 1318.0   2.8         0 1317.8   2.8   1.0   1   0   0   1   1   1   1 -
Control2             -          Ptpn5_6.fasta        -                  0 1318.0   2.8         0 1317.8   2.8   1.0   1   0   0   1   1   1   1 -
Control2             -          Ptpn5_6.fasta        -                  0 1318.0   2.8         0 1317.8   2.8   1.0   1   0   0   1   1   1   1 -
Control2             -          Ptpn5_6.fasta        -                  0 1318.0   2.8         0 1317.8   2.8   1.0   1   0   0   1   1   1   1 -
Control2             -          Ptpn5_6.fasta        -                  0 1318.0   2.8         0 1317.8   2.8   1.0   1   0   0   1   1   1   1 -
#
# Program:         hmmsearch
# Version:         3.1b2 (February 2015)
# Pipeline mode:   SEARCH
# Query file:      ./hmm/Ptpn5_6.fasta.align.hmm
# Target file:     ./Control2protein.fasta
# Option settings: ./hmm/hmmsearch --tblout ./hmmoutput/Control2protein.fasta.Ptpn5_6.out ./hmm/Ptpn5_6.fasta.align.hmm ./Control2protein.fasta 
# Current dir:     /cygdrive/c/Users/kcaroth1/Desktop/Bioinformatics/Group Project/Intro_Biocomp_Group_Project
# Date:            Thu Dec  7 15:08:00 2017
# [ok]
