#                                                               --- full sequence ---- --- best 1 domain ---- --- domain number estimation ----
# target name        accession  query name           accession    E-value  score  bias   E-value  score  bias   exp reg clu  ov env dom rep inc description of target
#------------------- ---------- -------------------- ---------- --------- ------ ----- --------- ------ -----   --- --- --- --- --- --- --- --- ---------------------
Control1             -          Synpr_10.fasta       -           6.4e-204  668.5   5.4  7.2e-204  668.3   5.4   1.0   1   0   0   1   1   1   1 -
Control1             -          Synpr_10.fasta       -           6.4e-204  668.5   5.4  7.2e-204  668.3   5.4   1.0   1   0   0   1   1   1   1 -
Control1             -          Synpr_10.fasta       -           6.4e-204  668.5   5.4  7.2e-204  668.3   5.4   1.0   1   0   0   1   1   1   1 -
Control1             -          Synpr_10.fasta       -           6.4e-204  668.5   5.4  7.2e-204  668.3   5.4   1.0   1   0   0   1   1   1   1 -
Control1             -          Synpr_10.fasta       -           6.4e-204  668.5   5.4  7.2e-204  668.3   5.4   1.0   1   0   0   1   1   1   1 -
Control1             -          Synpr_10.fasta       -           6.4e-204  668.5   5.4  7.2e-204  668.3   5.4   1.0   1   0   0   1   1   1   1 -
Control1             -          Synpr_10.fasta       -           6.4e-204  668.5   5.4  7.2e-204  668.3   5.4   1.0   1   0   0   1   1   1   1 -
Control1             -          Synpr_10.fasta       -           6.4e-204  668.5   5.4  7.2e-204  668.3   5.4   1.0   1   0   0   1   1   1   1 -
Control1             -          Synpr_10.fasta       -           6.4e-204  668.5   5.4  7.2e-204  668.3   5.4   1.0   1   0   0   1   1   1   1 -
Control1             -          Synpr_10.fasta       -           6.4e-204  668.5   5.4  7.2e-204  668.3   5.4   1.0   1   0   0   1   1   1   1 -
Control1             -          Synpr_10.fasta       -           6.4e-204  668.5   5.4  7.2e-204  668.3   5.4   1.0   1   0   0   1   1   1   1 -
Control1             -          Synpr_10.fasta       -           6.4e-204  668.5   5.4  7.2e-204  668.3   5.4   1.0   1   0   0   1   1   1   1 -
Control1             -          Synpr_10.fasta       -           6.4e-204  668.5   5.4  7.2e-204  668.3   5.4   1.0   1   0   0   1   1   1   1 -
Control1             -          Synpr_10.fasta       -           6.4e-204  668.5   5.4  7.2e-204  668.3   5.4   1.0   1   0   0   1   1   1   1 -
Control1             -          Synpr_10.fasta       -           6.4e-204  668.5   5.4  7.2e-204  668.3   5.4   1.0   1   0   0   1   1   1   1 -
#
# Program:         hmmsearch
# Version:         3.1b2 (February 2015)
# Pipeline mode:   SEARCH
# Query file:      ./hmm/Synpr_10.fasta.align.hmm
# Target file:     ./Control1protein.fasta
# Option settings: ./hmm/hmmsearch --tblout ./hmmoutput/Control1protein.fasta.Synpr_10.out ./hmm/Synpr_10.fasta.align.hmm ./Control1protein.fasta 
# Current dir:     /mnt/c/Users/Grant/Desktop/dumb-class/git-projects/Intro_Biocomp_Group_Project
# Date:            Thu Dec  7 12:58:47 2017
# [ok]
