#                                                               --- full sequence ---- --- best 1 domain ---- --- domain number estimation ----
# target name        accession  query name           accession    E-value  score  bias   E-value  score  bias   exp reg clu  ov env dom rep inc description of target
#------------------- ---------- -------------------- ---------- --------- ------ ----- --------- ------ -----   --- --- --- --- --- --- --- --- ---------------------
Obese2               -          Atp12a_8.fasta       -                  0 2451.7  11.2         0 2451.5  11.2   1.0   1   0   0   1   1   1   1 -
Obese2               -          Atp12a_8.fasta       -                  0 2451.7  11.2         0 2451.5  11.2   1.0   1   0   0   1   1   1   1 -
Obese2               -          Atp12a_8.fasta       -                  0 2451.7  11.2         0 2451.5  11.2   1.0   1   0   0   1   1   1   1 -
Obese2               -          Atp12a_8.fasta       -                  0 2451.7  11.2         0 2451.5  11.2   1.0   1   0   0   1   1   1   1 -
Obese2               -          Atp12a_8.fasta       -                  0 2451.7  11.2         0 2451.5  11.2   1.0   1   0   0   1   1   1   1 -
Obese2               -          Atp12a_8.fasta       -                  0 2451.7  11.2         0 2451.5  11.2   1.0   1   0   0   1   1   1   1 -
Obese2               -          Atp12a_8.fasta       -                  0 2451.7  11.2         0 2451.5  11.2   1.0   1   0   0   1   1   1   1 -
Obese2               -          Atp12a_8.fasta       -                  0 2451.7  11.2         0 2451.5  11.2   1.0   1   0   0   1   1   1   1 -
Obese2               -          Atp12a_8.fasta       -                  0 2451.7  11.2         0 2451.5  11.2   1.0   1   0   0   1   1   1   1 -
Obese2               -          Atp12a_8.fasta       -                  0 2451.7  11.2         0 2451.5  11.2   1.0   1   0   0   1   1   1   1 -
Obese2               -          Atp12a_8.fasta       -                  0 2451.7  11.2         0 2451.5  11.2   1.0   1   0   0   1   1   1   1 -
Obese2               -          Atp12a_8.fasta       -                  0 2451.7  11.2         0 2451.5  11.2   1.0   1   0   0   1   1   1   1 -
Obese2               -          Atp12a_8.fasta       -                  0 2451.7  11.2         0 2451.5  11.2   1.0   1   0   0   1   1   1   1 -
Obese2               -          Atp12a_8.fasta       -                  0 2451.7  11.2         0 2451.5  11.2   1.0   1   0   0   1   1   1   1 -
Obese2               -          Atp12a_8.fasta       -                  0 2451.7  11.2         0 2451.5  11.2   1.0   1   0   0   1   1   1   1 -
Obese2               -          Atp12a_8.fasta       -                  0 2451.7  11.2         0 2451.5  11.2   1.0   1   0   0   1   1   1   1 -
Obese2               -          Atp12a_8.fasta       -                  0 2451.7  11.2         0 2451.5  11.2   1.0   1   0   0   1   1   1   1 -
Obese2               -          Atp12a_8.fasta       -                  0 2451.7  11.2         0 2451.5  11.2   1.0   1   0   0   1   1   1   1 -
Obese2               -          Atp12a_8.fasta       -                  0 2451.7  11.2         0 2451.5  11.2   1.0   1   0   0   1   1   1   1 -
Obese2               -          Atp12a_8.fasta       -                  0 2451.7  11.2         0 2451.5  11.2   1.0   1   0   0   1   1   1   1 -
Obese2               -          Atp12a_8.fasta       -                  0 2451.7  11.2         0 2451.5  11.2   1.0   1   0   0   1   1   1   1 -
Obese2               -          Atp12a_8.fasta       -                  0 2451.7  11.2         0 2451.5  11.2   1.0   1   0   0   1   1   1   1 -
Obese2               -          Atp12a_8.fasta       -                  0 2451.7  11.2         0 2451.5  11.2   1.0   1   0   0   1   1   1   1 -
Obese2               -          Atp12a_8.fasta       -                  0 2451.7  11.2         0 2451.5  11.2   1.0   1   0   0   1   1   1   1 -
Obese2               -          Atp12a_8.fasta       -                  0 2451.7  11.2         0 2451.5  11.2   1.0   1   0   0   1   1   1   1 -
Obese2               -          Atp12a_8.fasta       -                  0 2451.7  11.2         0 2451.5  11.2   1.0   1   0   0   1   1   1   1 -
Obese2               -          Atp12a_8.fasta       -                  0 2451.7  11.2         0 2451.5  11.2   1.0   1   0   0   1   1   1   1 -
Obese2               -          Atp12a_8.fasta       -                  0 2451.7  11.2         0 2451.5  11.2   1.0   1   0   0   1   1   1   1 -
Obese2               -          Atp12a_8.fasta       -                  0 2451.7  11.2         0 2451.5  11.2   1.0   1   0   0   1   1   1   1 -
Obese2               -          Atp12a_8.fasta       -                  0 2451.7  11.2         0 2451.5  11.2   1.0   1   0   0   1   1   1   1 -
Obese2               -          Atp12a_8.fasta       -                  0 2451.7  11.2         0 2451.5  11.2   1.0   1   0   0   1   1   1   1 -
Obese2               -          Atp12a_8.fasta       -                  0 2451.7  11.2         0 2451.5  11.2   1.0   1   0   0   1   1   1   1 -
Obese2               -          Atp12a_8.fasta       -                  0 2451.7  11.2         0 2451.5  11.2   1.0   1   0   0   1   1   1   1 -
Obese2               -          Atp12a_8.fasta       -                  0 2451.7  11.2         0 2451.5  11.2   1.0   1   0   0   1   1   1   1 -
Obese2               -          Atp12a_8.fasta       -                  0 2451.7  11.2         0 2451.5  11.2   1.0   1   0   0   1   1   1   1 -
Obese2               -          Atp12a_8.fasta       -                  0 2451.7  11.2         0 2451.5  11.2   1.0   1   0   0   1   1   1   1 -
Obese2               -          Atp12a_8.fasta       -                  0 2451.7  11.2         0 2451.5  11.2   1.0   1   0   0   1   1   1   1 -
Obese2               -          Atp12a_8.fasta       -                  0 2451.7  11.2         0 2451.5  11.2   1.0   1   0   0   1   1   1   1 -
#
# Program:         hmmsearch
# Version:         3.1b2 (February 2015)
# Pipeline mode:   SEARCH
# Query file:      ./hmm/Atp12a_8.fasta.align.hmm
# Target file:     ./obese2protein.fasta
# Option settings: ./hmm/hmmsearch --tblout ./output/obese2protein.fasta.Atp12a_8.out ./hmm/Atp12a_8.fasta.align.hmm ./obese2protein.fasta 
# Current dir:     /mnt/c/Users/Grant/Desktop/dumb-class/git-projects/Intro_Biocomp_Group_Project
# Date:            Thu Dec  7 12:31:15 2017
# [ok]
