#                                                               --- full sequence ---- --- best 1 domain ---- --- domain number estimation ----
# target name        accession  query name           accession    E-value  score  bias   E-value  score  bias   exp reg clu  ov env dom rep inc description of target
#------------------- ---------- -------------------- ---------- --------- ------ ----- --------- ------ -----   --- --- --- --- --- --- --- --- ---------------------
Obese2               -          Slc7a12_2.fasta      -           1.9e-101  335.1  21.6   1.4e-56  186.6   0.7   5.2   2   1   3   5   5   5   5 -
Obese2               -          Slc7a12_2.fasta      -           1.9e-101  335.1  21.6   1.4e-56  186.6   0.7   5.2   2   1   3   5   5   5   5 -
Obese2               -          Slc7a12_2.fasta      -           1.9e-101  335.1  21.6   1.4e-56  186.6   0.7   5.2   2   1   3   5   5   5   5 -
Obese2               -          Slc7a12_2.fasta      -           1.9e-101  335.1  21.6   1.4e-56  186.6   0.7   5.2   2   1   3   5   5   5   5 -
Obese2               -          Slc7a12_2.fasta      -           1.9e-101  335.1  21.6   1.4e-56  186.6   0.7   5.2   2   1   3   5   5   5   5 -
Obese2               -          Slc7a12_2.fasta      -           1.9e-101  335.1  21.6   1.4e-56  186.6   0.7   5.2   2   1   3   5   5   5   5 -
Obese2               -          Slc7a12_2.fasta      -           1.9e-101  335.1  21.6   1.4e-56  186.6   0.7   5.2   2   1   3   5   5   5   5 -
Obese2               -          Slc7a12_2.fasta      -           1.9e-101  335.1  21.6   1.4e-56  186.6   0.7   5.2   2   1   3   5   5   5   5 -
Obese2               -          Slc7a12_2.fasta      -           1.9e-101  335.1  21.6   1.4e-56  186.6   0.7   5.2   2   1   3   5   5   5   5 -
Obese2               -          Slc7a12_2.fasta      -           1.9e-101  335.1  21.6   1.4e-56  186.6   0.7   5.2   2   1   3   5   5   5   5 -
Obese2               -          Slc7a12_2.fasta      -           1.9e-101  335.1  21.6   1.4e-56  186.6   0.7   5.2   2   1   3   5   5   5   5 -
Obese2               -          Slc7a12_2.fasta      -           1.9e-101  335.1  21.6   1.4e-56  186.6   0.7   5.2   2   1   3   5   5   5   5 -
Obese2               -          Slc7a12_2.fasta      -           1.9e-101  335.1  21.6   1.4e-56  186.6   0.7   5.2   2   1   3   5   5   5   5 -
Obese2               -          Slc7a12_2.fasta      -           1.9e-101  335.1  21.6   1.4e-56  186.6   0.7   5.2   2   1   3   5   5   5   5 -
Obese2               -          Slc7a12_2.fasta      -           1.9e-101  335.1  21.6   1.4e-56  186.6   0.7   5.2   2   1   3   5   5   5   5 -
#
# Program:         hmmsearch
# Version:         3.1b2 (February 2015)
# Pipeline mode:   SEARCH
# Query file:      ./hmm/Slc7a12_2.fasta.align.hmm
# Target file:     ./Obese2protein.fasta
# Option settings: ./hmm/hmmsearch --tblout ./hmmoutput/Obese2protein.fasta.Slc7a12_2.out ./hmm/Slc7a12_2.fasta.align.hmm ./Obese2protein.fasta 
# Current dir:     /mnt/c/Users/Grant/Desktop/dumb-class/git-projects/Intro_Biocomp_Group_Project
# Date:            Thu Dec  7 12:58:58 2017
# [ok]
