#                                                               --- full sequence ---- --- best 1 domain ---- --- domain number estimation ----
# target name        accession  query name           accession    E-value  score  bias   E-value  score  bias   exp reg clu  ov env dom rep inc description of target
#------------------- ---------- -------------------- ---------- --------- ------ ----- --------- ------ -----   --- --- --- --- --- --- --- --- ---------------------
Obese1               -          Synpr_10.fasta       -             2e-203  668.5   5.4  2.2e-203  668.3   5.4   1.0   1   0   0   1   1   1   1 -
Obese1               -          Synpr_10.fasta       -             2e-203  668.5   5.4  2.2e-203  668.3   5.4   1.0   1   0   0   1   1   1   1 -
Obese1               -          Synpr_10.fasta       -             2e-203  668.5   5.4  2.2e-203  668.3   5.4   1.0   1   0   0   1   1   1   1 -
Obese1               -          Synpr_10.fasta       -             2e-203  668.5   5.4  2.2e-203  668.3   5.4   1.0   1   0   0   1   1   1   1 -
Obese1               -          Synpr_10.fasta       -             2e-203  668.5   5.4  2.2e-203  668.3   5.4   1.0   1   0   0   1   1   1   1 -
Obese1               -          Synpr_10.fasta       -             2e-203  668.5   5.4  2.2e-203  668.3   5.4   1.0   1   0   0   1   1   1   1 -
Obese1               -          Synpr_10.fasta       -             2e-203  668.5   5.4  2.2e-203  668.3   5.4   1.0   1   0   0   1   1   1   1 -
Obese1               -          Synpr_10.fasta       -             2e-203  668.5   5.4  2.2e-203  668.3   5.4   1.0   1   0   0   1   1   1   1 -
Obese1               -          Synpr_10.fasta       -             2e-203  668.5   5.4  2.2e-203  668.3   5.4   1.0   1   0   0   1   1   1   1 -
Obese1               -          Synpr_10.fasta       -             2e-203  668.5   5.4  2.2e-203  668.3   5.4   1.0   1   0   0   1   1   1   1 -
Obese1               -          Synpr_10.fasta       -             2e-203  668.5   5.4  2.2e-203  668.3   5.4   1.0   1   0   0   1   1   1   1 -
Obese1               -          Synpr_10.fasta       -             2e-203  668.5   5.4  2.2e-203  668.3   5.4   1.0   1   0   0   1   1   1   1 -
Obese1               -          Synpr_10.fasta       -             2e-203  668.5   5.4  2.2e-203  668.3   5.4   1.0   1   0   0   1   1   1   1 -
Obese1               -          Synpr_10.fasta       -             2e-203  668.5   5.4  2.2e-203  668.3   5.4   1.0   1   0   0   1   1   1   1 -
Obese1               -          Synpr_10.fasta       -             2e-203  668.5   5.4  2.2e-203  668.3   5.4   1.0   1   0   0   1   1   1   1 -
Obese1               -          Synpr_10.fasta       -             2e-203  668.5   5.4  2.2e-203  668.3   5.4   1.0   1   0   0   1   1   1   1 -
Obese1               -          Synpr_10.fasta       -             2e-203  668.5   5.4  2.2e-203  668.3   5.4   1.0   1   0   0   1   1   1   1 -
Obese1               -          Synpr_10.fasta       -             2e-203  668.5   5.4  2.2e-203  668.3   5.4   1.0   1   0   0   1   1   1   1 -
Obese1               -          Synpr_10.fasta       -             2e-203  668.5   5.4  2.2e-203  668.3   5.4   1.0   1   0   0   1   1   1   1 -
Obese1               -          Synpr_10.fasta       -             2e-203  668.5   5.4  2.2e-203  668.3   5.4   1.0   1   0   0   1   1   1   1 -
Obese1               -          Synpr_10.fasta       -             2e-203  668.5   5.4  2.2e-203  668.3   5.4   1.0   1   0   0   1   1   1   1 -
Obese1               -          Synpr_10.fasta       -             2e-203  668.5   5.4  2.2e-203  668.3   5.4   1.0   1   0   0   1   1   1   1 -
Obese1               -          Synpr_10.fasta       -             2e-203  668.5   5.4  2.2e-203  668.3   5.4   1.0   1   0   0   1   1   1   1 -
Obese1               -          Synpr_10.fasta       -             2e-203  668.5   5.4  2.2e-203  668.3   5.4   1.0   1   0   0   1   1   1   1 -
Obese1               -          Synpr_10.fasta       -             2e-203  668.5   5.4  2.2e-203  668.3   5.4   1.0   1   0   0   1   1   1   1 -
Obese1               -          Synpr_10.fasta       -             2e-203  668.5   5.4  2.2e-203  668.3   5.4   1.0   1   0   0   1   1   1   1 -
Obese1               -          Synpr_10.fasta       -             2e-203  668.5   5.4  2.2e-203  668.3   5.4   1.0   1   0   0   1   1   1   1 -
Obese1               -          Synpr_10.fasta       -             2e-203  668.5   5.4  2.2e-203  668.3   5.4   1.0   1   0   0   1   1   1   1 -
Obese1               -          Synpr_10.fasta       -             2e-203  668.5   5.4  2.2e-203  668.3   5.4   1.0   1   0   0   1   1   1   1 -
Obese1               -          Synpr_10.fasta       -             2e-203  668.5   5.4  2.2e-203  668.3   5.4   1.0   1   0   0   1   1   1   1 -
Obese1               -          Synpr_10.fasta       -             2e-203  668.5   5.4  2.2e-203  668.3   5.4   1.0   1   0   0   1   1   1   1 -
Obese1               -          Synpr_10.fasta       -             2e-203  668.5   5.4  2.2e-203  668.3   5.4   1.0   1   0   0   1   1   1   1 -
Obese1               -          Synpr_10.fasta       -             2e-203  668.5   5.4  2.2e-203  668.3   5.4   1.0   1   0   0   1   1   1   1 -
Obese1               -          Synpr_10.fasta       -             2e-203  668.5   5.4  2.2e-203  668.3   5.4   1.0   1   0   0   1   1   1   1 -
Obese1               -          Synpr_10.fasta       -             2e-203  668.5   5.4  2.2e-203  668.3   5.4   1.0   1   0   0   1   1   1   1 -
Obese1               -          Synpr_10.fasta       -             2e-203  668.5   5.4  2.2e-203  668.3   5.4   1.0   1   0   0   1   1   1   1 -
Obese1               -          Synpr_10.fasta       -             2e-203  668.5   5.4  2.2e-203  668.3   5.4   1.0   1   0   0   1   1   1   1 -
Obese1               -          Synpr_10.fasta       -             2e-203  668.5   5.4  2.2e-203  668.3   5.4   1.0   1   0   0   1   1   1   1 -
Obese1               -          Synpr_10.fasta       -             2e-203  668.5   5.4  2.2e-203  668.3   5.4   1.0   1   0   0   1   1   1   1 -
Obese1               -          Synpr_10.fasta       -             2e-203  668.5   5.4  2.2e-203  668.3   5.4   1.0   1   0   0   1   1   1   1 -
Obese1               -          Synpr_10.fasta       -             2e-203  668.5   5.4  2.2e-203  668.3   5.4   1.0   1   0   0   1   1   1   1 -
Obese1               -          Synpr_10.fasta       -             2e-203  668.5   5.4  2.2e-203  668.3   5.4   1.0   1   0   0   1   1   1   1 -
Obese1               -          Synpr_10.fasta       -             2e-203  668.5   5.4  2.2e-203  668.3   5.4   1.0   1   0   0   1   1   1   1 -
Obese1               -          Synpr_10.fasta       -             2e-203  668.5   5.4  2.2e-203  668.3   5.4   1.0   1   0   0   1   1   1   1 -
Obese1               -          Synpr_10.fasta       -             2e-203  668.5   5.4  2.2e-203  668.3   5.4   1.0   1   0   0   1   1   1   1 -
Obese1               -          Synpr_10.fasta       -             2e-203  668.5   5.4  2.2e-203  668.3   5.4   1.0   1   0   0   1   1   1   1 -
Obese1               -          Synpr_10.fasta       -             2e-203  668.5   5.4  2.2e-203  668.3   5.4   1.0   1   0   0   1   1   1   1 -
Obese1               -          Synpr_10.fasta       -             2e-203  668.5   5.4  2.2e-203  668.3   5.4   1.0   1   0   0   1   1   1   1 -
Obese1               -          Synpr_10.fasta       -             2e-203  668.5   5.4  2.2e-203  668.3   5.4   1.0   1   0   0   1   1   1   1 -
Obese1               -          Synpr_10.fasta       -             2e-203  668.5   5.4  2.2e-203  668.3   5.4   1.0   1   0   0   1   1   1   1 -
Obese1               -          Synpr_10.fasta       -             2e-203  668.5   5.4  2.2e-203  668.3   5.4   1.0   1   0   0   1   1   1   1 -
Obese1               -          Synpr_10.fasta       -             2e-203  668.5   5.4  2.2e-203  668.3   5.4   1.0   1   0   0   1   1   1   1 -
Obese1               -          Synpr_10.fasta       -             2e-203  668.5   5.4  2.2e-203  668.3   5.4   1.0   1   0   0   1   1   1   1 -
Obese1               -          Synpr_10.fasta       -             2e-203  668.5   5.4  2.2e-203  668.3   5.4   1.0   1   0   0   1   1   1   1 -
Obese1               -          Synpr_10.fasta       -             2e-203  668.5   5.4  2.2e-203  668.3   5.4   1.0   1   0   0   1   1   1   1 -
Obese1               -          Synpr_10.fasta       -             2e-203  668.5   5.4  2.2e-203  668.3   5.4   1.0   1   0   0   1   1   1   1 -
Obese1               -          Synpr_10.fasta       -             2e-203  668.5   5.4  2.2e-203  668.3   5.4   1.0   1   0   0   1   1   1   1 -
Obese1               -          Synpr_10.fasta       -             2e-203  668.5   5.4  2.2e-203  668.3   5.4   1.0   1   0   0   1   1   1   1 -
Obese1               -          Synpr_10.fasta       -             2e-203  668.5   5.4  2.2e-203  668.3   5.4   1.0   1   0   0   1   1   1   1 -
Obese1               -          Synpr_10.fasta       -             2e-203  668.5   5.4  2.2e-203  668.3   5.4   1.0   1   0   0   1   1   1   1 -
Obese1               -          Synpr_10.fasta       -             2e-203  668.5   5.4  2.2e-203  668.3   5.4   1.0   1   0   0   1   1   1   1 -
Obese1               -          Synpr_10.fasta       -             2e-203  668.5   5.4  2.2e-203  668.3   5.4   1.0   1   0   0   1   1   1   1 -
Obese1               -          Synpr_10.fasta       -             2e-203  668.5   5.4  2.2e-203  668.3   5.4   1.0   1   0   0   1   1   1   1 -
Obese1               -          Synpr_10.fasta       -             2e-203  668.5   5.4  2.2e-203  668.3   5.4   1.0   1   0   0   1   1   1   1 -
Obese1               -          Synpr_10.fasta       -             2e-203  668.5   5.4  2.2e-203  668.3   5.4   1.0   1   0   0   1   1   1   1 -
Obese1               -          Synpr_10.fasta       -             2e-203  668.5   5.4  2.2e-203  668.3   5.4   1.0   1   0   0   1   1   1   1 -
Obese1               -          Synpr_10.fasta       -             2e-203  668.5   5.4  2.2e-203  668.3   5.4   1.0   1   0   0   1   1   1   1 -
Obese1               -          Synpr_10.fasta       -             2e-203  668.5   5.4  2.2e-203  668.3   5.4   1.0   1   0   0   1   1   1   1 -
Obese1               -          Synpr_10.fasta       -             2e-203  668.5   5.4  2.2e-203  668.3   5.4   1.0   1   0   0   1   1   1   1 -
Obese1               -          Synpr_10.fasta       -             2e-203  668.5   5.4  2.2e-203  668.3   5.4   1.0   1   0   0   1   1   1   1 -
Obese1               -          Synpr_10.fasta       -             2e-203  668.5   5.4  2.2e-203  668.3   5.4   1.0   1   0   0   1   1   1   1 -
Obese1               -          Synpr_10.fasta       -             2e-203  668.5   5.4  2.2e-203  668.3   5.4   1.0   1   0   0   1   1   1   1 -
Obese1               -          Synpr_10.fasta       -             2e-203  668.5   5.4  2.2e-203  668.3   5.4   1.0   1   0   0   1   1   1   1 -
Obese1               -          Synpr_10.fasta       -             2e-203  668.5   5.4  2.2e-203  668.3   5.4   1.0   1   0   0   1   1   1   1 -
Obese1               -          Synpr_10.fasta       -             2e-203  668.5   5.4  2.2e-203  668.3   5.4   1.0   1   0   0   1   1   1   1 -
Obese1               -          Synpr_10.fasta       -             2e-203  668.5   5.4  2.2e-203  668.3   5.4   1.0   1   0   0   1   1   1   1 -
Obese1               -          Synpr_10.fasta       -             2e-203  668.5   5.4  2.2e-203  668.3   5.4   1.0   1   0   0   1   1   1   1 -
Obese1               -          Synpr_10.fasta       -             2e-203  668.5   5.4  2.2e-203  668.3   5.4   1.0   1   0   0   1   1   1   1 -
Obese1               -          Synpr_10.fasta       -             2e-203  668.5   5.4  2.2e-203  668.3   5.4   1.0   1   0   0   1   1   1   1 -
Obese1               -          Synpr_10.fasta       -             2e-203  668.5   5.4  2.2e-203  668.3   5.4   1.0   1   0   0   1   1   1   1 -
Obese1               -          Synpr_10.fasta       -             2e-203  668.5   5.4  2.2e-203  668.3   5.4   1.0   1   0   0   1   1   1   1 -
Obese1               -          Synpr_10.fasta       -             2e-203  668.5   5.4  2.2e-203  668.3   5.4   1.0   1   0   0   1   1   1   1 -
Obese1               -          Synpr_10.fasta       -             2e-203  668.5   5.4  2.2e-203  668.3   5.4   1.0   1   0   0   1   1   1   1 -
Obese1               -          Synpr_10.fasta       -             2e-203  668.5   5.4  2.2e-203  668.3   5.4   1.0   1   0   0   1   1   1   1 -
Obese1               -          Synpr_10.fasta       -             2e-203  668.5   5.4  2.2e-203  668.3   5.4   1.0   1   0   0   1   1   1   1 -
Obese1               -          Synpr_10.fasta       -             2e-203  668.5   5.4  2.2e-203  668.3   5.4   1.0   1   0   0   1   1   1   1 -
Obese1               -          Synpr_10.fasta       -             2e-203  668.5   5.4  2.2e-203  668.3   5.4   1.0   1   0   0   1   1   1   1 -
Obese1               -          Synpr_10.fasta       -             2e-203  668.5   5.4  2.2e-203  668.3   5.4   1.0   1   0   0   1   1   1   1 -
Obese1               -          Synpr_10.fasta       -             2e-203  668.5   5.4  2.2e-203  668.3   5.4   1.0   1   0   0   1   1   1   1 -
Obese1               -          Synpr_10.fasta       -             2e-203  668.5   5.4  2.2e-203  668.3   5.4   1.0   1   0   0   1   1   1   1 -
Obese1               -          Synpr_10.fasta       -             2e-203  668.5   5.4  2.2e-203  668.3   5.4   1.0   1   0   0   1   1   1   1 -
Obese1               -          Synpr_10.fasta       -             2e-203  668.5   5.4  2.2e-203  668.3   5.4   1.0   1   0   0   1   1   1   1 -
Obese1               -          Synpr_10.fasta       -             2e-203  668.5   5.4  2.2e-203  668.3   5.4   1.0   1   0   0   1   1   1   1 -
Obese1               -          Synpr_10.fasta       -             2e-203  668.5   5.4  2.2e-203  668.3   5.4   1.0   1   0   0   1   1   1   1 -
Obese1               -          Synpr_10.fasta       -             2e-203  668.5   5.4  2.2e-203  668.3   5.4   1.0   1   0   0   1   1   1   1 -
Obese1               -          Synpr_10.fasta       -             2e-203  668.5   5.4  2.2e-203  668.3   5.4   1.0   1   0   0   1   1   1   1 -
Obese1               -          Synpr_10.fasta       -             2e-203  668.5   5.4  2.2e-203  668.3   5.4   1.0   1   0   0   1   1   1   1 -
Obese1               -          Synpr_10.fasta       -             2e-203  668.5   5.4  2.2e-203  668.3   5.4   1.0   1   0   0   1   1   1   1 -
Obese1               -          Synpr_10.fasta       -             2e-203  668.5   5.4  2.2e-203  668.3   5.4   1.0   1   0   0   1   1   1   1 -
Obese1               -          Synpr_10.fasta       -             2e-203  668.5   5.4  2.2e-203  668.3   5.4   1.0   1   0   0   1   1   1   1 -
#
# Program:         hmmsearch
# Version:         3.1b2 (February 2015)
# Pipeline mode:   SEARCH
# Query file:      ./hmm/Synpr_10.fasta.align.hmm
# Target file:     ./Obese1protein.fasta
# Option settings: ./hmm/hmmsearch --tblout ./hmmoutput/Obese1protein.fasta.Synpr_10.out ./hmm/Synpr_10.fasta.align.hmm ./Obese1protein.fasta 
# Current dir:     /cygdrive/c/Users/kcaroth1/Desktop/Bioinformatics/Group Project/Intro_Biocomp_Group_Project
# Date:            Thu Dec  7 15:08:06 2017
# [ok]
